# JRE version: OpenJDK Runtime Environment (8.0_112-b06) (build 1.8.0_112-release-b06)
# Java VM: OpenJDK 64-Bit Server VM (25.112-b06 mixed mode windows-amd64 compressed oops)
Heap:
 PSYoungGen      total 278016K, used 127168K [0x00000000e0000000, 0x00000000f5a80000, 0x0000000100000000)
  eden space 256512K, 45% used [0x00000000e0000000,0x00000000e7258370,0x00000000efa80000)
  from space 21504K, 46% used [0x00000000f1380000,0x00000000f1d57f50,0x00000000f2880000)
  to   space 25600K, 0% used [0x00000000efa80000,0x00000000efa80000,0x00000000f1380000)
 ParOldGen       total 103936K, used 45472K [0x00000000a0000000, 0x00000000a6580000, 0x00000000e0000000)
  object space 103936K, 43% used [0x00000000a0000000,0x00000000a2c68248,0x00000000a6580000)
 Metaspace       used 71699K, capacity 75495K, committed 75648K, reserved 1114112K
  class space    used 9531K, capacity 10243K, committed 10368K, reserved 1048576K
GC Heap History (10 events):
Event: 85.020 GC heap before
{Heap before GC invocations=13 (full 2):
 PSYoungGen      total 203264K, used 203232K [0x00000000e0000000, 0x00000000ee300000, 0x0000000100000000)
  eden space 188416K, 100% used [0x00000000e0000000,0x00000000eb800000,0x00000000eb800000)
  from space 14848K, 99% used [0x00000000ecc00000,0x00000000eda781f8,0x00000000eda80000)
  to   space 20480K, 0% used [0x00000000eb800000,0x00000000eb800000,0x00000000ecc00000)
 ParOldGen       total 53248K, used 24267K [0x00000000a0000000, 0x00000000a3400000, 0x00000000e0000000)
  object space 53248K, 45% used [0x00000000a0000000,0x00000000a17b2f20,0x00000000a3400000)
 Metaspace       used 56480K, capacity 58882K, committed 59008K, reserved 1099776K
  class space    used 7663K, capacity 8201K, committed 8320K, reserved 1048576K
Event: 85.167 GC heap after
Heap after GC invocations=13 (full 2):
 PSYoungGen      total 208896K, used 20453K [0x00000000e0000000, 0x00000000f2f00000, 0x0000000100000000)
  eden space 188416K, 0% used [0x00000000e0000000,0x00000000e0000000,0x00000000eb800000)
  from space 20480K, 99% used [0x00000000eb800000,0x00000000ecbf94d8,0x00000000ecc00000)
  to   space 28160K, 0% used [0x00000000f1380000,0x00000000f1380000,0x00000000f2f00000)
 ParOldGen       total 53248K, used 36539K [0x00000000a0000000, 0x00000000a3400000, 0x00000000e0000000)
  object space 53248K, 68% used [0x00000000a0000000,0x00000000a23aeec0,0x00000000a3400000)
 Metaspace       used 56480K, capacity 58882K, committed 59008K, reserved 1099776K
  class space    used 7663K, capacity 8201K, committed 8320K, reserved 1048576K
}
Event: 209.129 GC heap before
{Heap before GC invocations=14 (full 2):
 PSYoungGen      total 208896K, used 40378K [0x00000000e0000000, 0x00000000f2f00000, 0x0000000100000000)
  eden space 188416K, 10% used [0x00000000e0000000,0x00000000e1375530,0x00000000eb800000)
  from space 20480K, 99% used [0x00000000eb800000,0x00000000ecbf94d8,0x00000000ecc00000)
  to   space 28160K, 0% used [0x00000000f1380000,0x00000000f1380000,0x00000000f2f00000)
 ParOldGen       total 53248K, used 36539K [0x00000000a0000000, 0x00000000a3400000, 0x00000000e0000000)
  object space 53248K, 68% used [0x00000000a0000000,0x00000000a23aeec0,0x00000000a3400000)
 Metaspace       used 56616K, capacity 58985K, committed 59096K, reserved 1099776K
  class space    used 7672K, capacity 8209K, committed 8320K, reserved 1048576K
Event: 209.415 GC heap after
Heap after GC invocations=14 (full 2):
 PSYoungGen      total 268800K, used 608K [0x00000000e0000000, 0x00000000f2880000, 0x0000000100000000)
  eden space 247296K, 0% used [0x00000000e0000000,0x00000000e0000000,0x00000000ef180000)
  from space 21504K, 2% used [0x00000000f1380000,0x00000000f1418000,0x00000000f2880000)
  to   space 28160K, 0% used [0x00000000ef180000,0x00000000ef180000,0x00000000f0d00000)
 ParOldGen       total 56320K, used 56081K [0x00000000a0000000, 0x00000000a3700000, 0x00000000e0000000)
  object space 56320K, 99% used [0x00000000a0000000,0x00000000a36c4738,0x00000000a3700000)
 Metaspace       used 56616K, capacity 58985K, committed 59096K, reserved 1099776K
  class space    used 7672K, capacity 8209K, committed 8320K, reserved 1048576K
}
Event: 209.416 GC heap before
{Heap before GC invocations=15 (full 3):
 PSYoungGen      total 268800K, used 608K [0x00000000e0000000, 0x00000000f2880000, 0x0000000100000000)
  eden space 247296K, 0% used [0x00000000e0000000,0x00000000e0000000,0x00000000ef180000)
  from space 21504K, 2% used [0x00000000f1380000,0x00000000f1418000,0x00000000f2880000)
  to   space 28160K, 0% used [0x00000000ef180000,0x00000000ef180000,0x00000000f0d00000)
 ParOldGen       total 56320K, used 56081K [0x00000000a0000000, 0x00000000a3700000, 0x00000000e0000000)
  object space 56320K, 99% used [0x00000000a0000000,0x00000000a36c4738,0x00000000a3700000)
 Metaspace       used 56616K, capacity 58985K, committed 59096K, reserved 1099776K
  class space    used 7672K, capacity 8209K, committed 8320K, reserved 1048576K
Event: 211.547 GC heap after
Heap after GC invocations=15 (full 3):
 PSYoungGen      total 268800K, used 0K [0x00000000e0000000, 0x00000000f2880000, 0x0000000100000000)
  eden space 247296K, 0% used [0x00000000e0000000,0x00000000e0000000,0x00000000ef180000)
  from space 21504K, 0% used [0x00000000f1380000,0x00000000f1380000,0x00000000f2880000)
  to   space 28160K, 0% used [0x00000000ef180000,0x00000000ef180000,0x00000000f0d00000)
 ParOldGen       total 103936K, used 45437K [0x00000000a0000000, 0x00000000a6580000, 0x00000000e0000000)
  object space 103936K, 43% used [0x00000000a0000000,0x00000000a2c5f5f8,0x00000000a6580000)
 Metaspace       used 56616K, capacity 58985K, committed 59096K, reserved 1099776K
  class space    used 7672K, capacity 8209K, committed 8320K, reserved 1048576K
}
Event: 284.508 GC heap before
{Heap before GC invocations=16 (full 3):
 PSYoungGen      total 268800K, used 247296K [0x00000000e0000000, 0x00000000f2880000, 0x0000000100000000)
  eden space 247296K, 100% used [0x00000000e0000000,0x00000000ef180000,0x00000000ef180000)
  from space 21504K, 0% used [0x00000000f1380000,0x00000000f1380000,0x00000000f2880000)
  to   space 28160K, 0% used [0x00000000ef180000,0x00000000ef180000,0x00000000f0d00000)
 ParOldGen       total 103936K, used 45437K [0x00000000a0000000, 0x00000000a6580000, 0x00000000e0000000)
  object space 103936K, 43% used [0x00000000a0000000,0x00000000a2c5f5f8,0x00000000a6580000)
 Metaspace       used 63380K, capacity 66197K, committed 66432K, reserved 1105920K
  class space    used 8442K, capacity 9032K, committed 9088K, reserved 1048576K
Event: 284.603 GC heap after
Heap after GC invocations=16 (full 3):
 PSYoungGen      total 275456K, used 12912K [0x00000000e0000000, 0x00000000f2880000, 0x0000000100000000)
  eden space 247296K, 0% used [0x00000000e0000000,0x00000000e0000000,0x00000000ef180000)
  from space 28160K, 45% used [0x00000000ef180000,0x00000000efe1c180,0x00000000f0d00000)
  to   space 21504K, 0% used [0x00000000f1380000,0x00000000f1380000,0x00000000f2880000)
 ParOldGen       total 103936K, used 45445K [0x00000000a0000000, 0x00000000a6580000, 0x00000000e0000000)
  object space 103936K, 43% used [0x00000000a0000000,0x00000000a2c615f8,0x00000000a6580000)
 Metaspace       used 63380K, capacity 66197K, committed 66432K, reserved 1105920K
  class space    used 8442K, capacity 9032K, committed 9088K, reserved 1048576K
}
Event: 924.197 GC heap before
{Heap before GC invocations=17 (full 3):
 PSYoungGen      total 275456K, used 260208K [0x00000000e0000000, 0x00000000f2880000, 0x0000000100000000)
  eden space 247296K, 100% used [0x00000000e0000000,0x00000000ef180000,0x00000000ef180000)
  from space 28160K, 45% used [0x00000000ef180000,0x00000000efe1c180,0x00000000f0d00000)
  to   space 21504K, 0% used [0x00000000f1380000,0x00000000f1380000,0x00000000f2880000)
 ParOldGen       total 103936K, used 45445K [0x00000000a0000000, 0x00000000a6580000, 0x00000000e0000000)
  object space 103936K, 43% used [0x00000000a0000000,0x00000000a2c615f8,0x00000000a6580000)
 Metaspace       used 65391K, capacity 68811K, committed 69120K, reserved 1110016K
  class space    used 8677K, capacity 9351K, committed 9472K, reserved 1048576K
Event: 924.612 GC heap after
Heap after GC invocations=17 (full 3):
 PSYoungGen      total 278016K, used 10079K [0x00000000e0000000, 0x00000000f5a80000, 0x0000000100000000)
  eden space 256512K, 0% used [0x00000000e0000000,0x00000000e0000000,0x00000000efa80000)
  from space 21504K, 46% used [0x00000000f1380000,0x00000000f1d57f50,0x00000000f2880000)
  to   space 25600K, 0% used [0x00000000efa80000,0x00000000efa80000,0x00000000f1380000)
 ParOldGen       total 103936K, used 45472K [0x00000000a0000000, 0x00000000a6580000, 0x00000000e0000000)
  object space 103936K, 43% used [0x00000000a0000000,0x00000000a2c68248,0x00000000a6580000)
 Metaspace       used 65391K, capacity 68811K, committed 69120K, reserved 1110016K
  class space    used 8677K, capacity 9351K, committed 9472K, reserved 1048576K
}

